<?xml version="1.0" encoding="UTF-8"?>
<!DOCTYPE coverage SYSTEM "http://cobertura.sourceforge.net/xml/coverage-04.dtd">
<coverage line-rate="0.6667" branch-rate="0.0" lines-covered="4" lines-valid="6" branches-covered="0" branches-valid="0" complexity="0.0" version="2.1.1" timestamp="1710000000">
  <sources>
    <source>.</source>
  </sources>
  <packages>
    <package name="sample" line-rate="0.6667" branch-rate="0.0" complexity="0.0">
      <classes>
        <class name="Greeter" filename="src/Greeter.ts">
          <lines>
            <line number="1" hits="1"/>
            <line number="2" hits="0"/>
            <line number="4" hits="1"/>
          </lines>
        </class>
        <class name="Maths" filename="src/Maths.ts">
          <lines>
            <line number="1" hits="1"/>
            <line number="2" hits="0"/>
            <line number="4" hits="1"/>
          </lines>
        </class>
      </classes>
    </package>
  </packages>
</coverage>
