{
  "src/math.ts": {
    "path": "src/math.ts",
    "statementMap": {
      "0": { "start": { "line": 1 }, "end": { "line": 1 } },
      "1": { "start": { "line": 2 }, "end": { "line": 2 } },
      "2": { "start": { "line": 4 }, "end": { "line": 4 } }
    },
    "s": {
      "0": 1,
      "1": 0,
      "2": 1
    }
  },
  "src/strings.ts": {
    "path": "src/strings.ts",
    "statementMap": {
      "0": { "start": { "line": 1 }, "end": { "line": 1 } },
      "1": { "start": { "line": 3 }, "end": { "line": 3 } }
    },
    "s": {
      "0": 1,
      "1": 0
    }
  }
}
